18:46:50,334 [ERROR] (Pizza.java:43) - You can have just 10pizza
18:47:22,410 [ERROR] (Pizza.java:43) - You can have just 10pizza
18:47:55,722 [ERROR] (Pizza.java:26) - Имя меньше 4
18:47:55,742 [ERROR] (Pizza.java:26) - Имя меньше 4
18:47:55,742 [ERROR] (Pizza.java:43) - You can have just 10pizza
18:48:17,859 [ERROR] (Pizza.java:26) - Имя меньше 4
18:48:17,883 [ERROR] (Pizza.java:26) - Имя меньше 4
18:48:17,887 [ERROR] (Pizza.java:43) - You can have just 10pizza
18:49:20,087 [ERROR] (Pizza.java:26) - Имя меньше 4
18:49:20,115 [ERROR] (Pizza.java:26) - Имя меньше 4
18:49:20,115 [ERROR] (Pizza.java:43) - You can have just 10pizza
18:50:34,528 [ERROR] (Pizza.java:26) - Имя меньше 4
18:50:34,544 [ERROR] (Pizza.java:26) - Имя меньше 4
18:50:34,544 [ERROR] (Pizza.java:43) - You can have just 10pizza
18:50:51,922 [ERROR] (Pizza.java:26) - Имя меньше 4
18:50:51,938 [ERROR] (Pizza.java:26) - Имя меньше 4
18:50:51,938 [ERROR] (Pizza.java:44) - You can have just 10pizza
18:52:23,951 [ERROR] (Pizza.java:26) - Имя меньше 4
18:52:23,961 [ERROR] (Pizza.java:26) - Имя меньше 4
18:52:23,961 [ERROR] (Pizza.java:44) - You can have just 10pizza
18:53:51,223 [ERROR] (Pizza.java:26) - Имя меньше 4
18:53:51,223 [INFO ] (Pizza.java:27) - asdasdsa
18:53:51,243 [ERROR] (Pizza.java:26) - Имя меньше 4
18:53:51,243 [INFO ] (Pizza.java:27) - asdasdsa
18:53:51,243 [ERROR] (Pizza.java:44) - You can have just 10pizza
18:54:01,147 [ERROR] (Pizza.java:26) - Имя меньше 4
18:54:01,147 [INFO ] (Pizza.java:27) - asdasdsa
18:54:01,177 [ERROR] (Pizza.java:26) - Имя меньше 4
18:54:01,177 [INFO ] (Pizza.java:27) - asdasdsa
18:54:01,177 [ERROR] (Pizza.java:44) - You can have just 10pizza
18:54:11,078 [ERROR] (Pizza.java:26) - Имя меньше 4
18:54:11,088 [INFO ] (Pizza.java:27) - asdasdsa
18:54:11,098 [ERROR] (Pizza.java:26) - Имя меньше 4
18:54:11,098 [INFO ] (Pizza.java:27) - asdasdsa
18:54:11,098 [ERROR] (Pizza.java:44) - You can have just 10pizza
18:54:18,308 [ERROR] (Pizza.java:26) - Имя меньше 4
18:54:18,316 [INFO ] (Pizza.java:27) - asdasdsa
18:54:18,332 [ERROR] (Pizza.java:26) - Имя меньше 4
18:54:18,332 [INFO ] (Pizza.java:27) - asdasdsa
18:54:18,332 [ERROR] (Pizza.java:44) - You can have just 10pizza
18:54:39,044 [ERROR] (Pizza.java:26) - Имя меньше 4
18:54:39,064 [ERROR] (Pizza.java:26) - Имя меньше 4
18:54:39,064 [ERROR] (Pizza.java:44) - You can have just 10pizza
18:54:51,018 [ERROR] (Pizza.java:26) - Имя меньше 4
18:54:51,058 [ERROR] (Pizza.java:26) - Имя меньше 4
18:54:51,058 [ERROR] (Pizza.java:44) - You can have just 10pizza
18:55:03,121 [ERROR] (Pizza.java:26) - Имя меньше 4
18:55:03,121 [INFO ] (Pizza.java:27) - asdasdsa
18:55:03,141 [ERROR] (Pizza.java:26) - Имя меньше 4
18:55:03,141 [INFO ] (Pizza.java:27) - asdasdsa
18:55:03,141 [ERROR] (Pizza.java:44) - You can have just 10pizza
18:56:16,753 [ERROR] (Pizza.java:26) - Имя меньше 4
18:56:16,783 [ERROR] (Pizza.java:26) - Имя меньше 4
18:56:16,783 [ERROR] (Pizza.java:43) - You can have just 10pizza
18:56:25,209 [ERROR] (Pizza.java:26) - Имя меньше 4
18:56:25,229 [ERROR] (Pizza.java:26) - Имя меньше 4
18:56:25,229 [ERROR] (Pizza.java:43) - You can have just 10pizza
18:56:39,293 [ERROR] (Pizza.java:26) - Имя меньше 4
18:56:39,309 [ERROR] (Pizza.java:26) - Имя меньше 4
18:56:39,313 [ERROR] (Pizza.java:43) - You can have just 10pizza
18:57:00,165 [ERROR] (Pizza.java:26) - Имя меньше 4
18:57:00,195 [ERROR] (Pizza.java:26) - Имя меньше 4
18:57:00,195 [ERROR] (Pizza.java:43) - You can have just 10pizza
18:57:29,023 [ERROR] (Pizza.java:26) - Имя меньше 4
18:57:29,053 [ERROR] (Pizza.java:26) - Имя меньше 4
18:57:29,053 [ERROR] (Pizza.java:43) - You can have just 10pizza
18:58:05,589 [ERROR] (Pizza.java:26) - Имя меньше 4
18:58:05,609 [ERROR] (Pizza.java:26) - Имя меньше 4
18:58:05,609 [ERROR] (Pizza.java:43) - You can have just 10pizza
18:59:27,833 [ERROR] (Pizza.java:26) - Имя меньше 4
18:59:27,849 [ERROR] (Pizza.java:26) - Имя меньше 4
18:59:27,849 [ERROR] (Pizza.java:43) - You can have just 10pizza
18:59:44,852 [ERROR] (Pizza.java:26) - Имя меньше 4
18:59:44,892 [ERROR] (Pizza.java:26) - Имя меньше 4
18:59:44,892 [ERROR] (Pizza.java:43) - You can have just 10pizza
19:00:22,141 [ERROR] (Pizza.java:26) - Имя меньше 4
19:00:22,169 [ERROR] (Pizza.java:26) - Имя меньше 4
19:00:22,173 [ERROR] (Pizza.java:43) - You can have just 10pizza
19:00:34,151 [ERROR] (Pizza.java:26) - Имя меньше 4
19:00:34,211 [INFO ] (Order.java:55) - Время заказа :13:0:34

19:00:34,231 [ERROR] (Pizza.java:26) - Имя меньше 4
19:00:34,231 [ERROR] (Pizza.java:43) - You can have just 10pizza
19:01:10,554 [ERROR] (Pizza.java:26) - Имя меньше 4
19:01:10,586 [ERROR] (Pizza.java:26) - Имя меньше 4
19:01:10,586 [ERROR] (Pizza.java:43) - You can have just 10pizza
19:01:23,230 [ERROR] (Pizza.java:26) - Имя меньше 4
19:01:23,254 [ERROR] (Pizza.java:26) - Имя меньше 4
19:01:23,258 [ERROR] (Pizza.java:43) - You can have just 10pizza
19:01:23,290 [INFO ] (Order.java:55) - Время заказа :13:1:23

19:01:44,474 [ERROR] (Pizza.java:26) - Имя меньше 4
19:01:44,510 [ERROR] (Pizza.java:26) - Имя меньше 4
19:01:44,514 [ERROR] (Pizza.java:43) - You can have just 10pizza
19:01:44,570 [INFO ] (Order.java:55) - Время заказа :13:1:44

19:02:29,578 [ERROR] (Pizza.java:26) - Имя меньше 4
19:02:29,606 [ERROR] (Pizza.java:26) - Имя меньше 4
19:02:29,606 [ERROR] (Pizza.java:43) - You can have just 10pizza
19:02:29,674 [INFO ] (Order.java:55) - Время заказа :13:2:29

19:02:29,674 [INFO ] (Order.java:56) - Общая сумма :0.0

19:02:56,026 [ERROR] (Pizza.java:26) - Имя меньше 4
19:02:56,042 [ERROR] (Pizza.java:26) - Имя меньше 4
19:02:56,090 [INFO ] (Order.java:55) - Время заказа :13:2:56

19:02:56,094 [INFO ] (Order.java:56) - Общая сумма :10.0

19:05:45,252 [ERROR] (Pizza.java:26) - Name must be more than 4 letters
19:05:45,272 [ERROR] (Pizza.java:26) - Name must be more than 4 letters
19:05:45,324 [INFO ] (Order.java:56) - Время заказа :13:5:45

19:05:45,324 [INFO ] (Order.java:57) - Общая сумма :10.0

19:47:07,657 [ERROR] (Pizza.java:26) - Name must be more than 4 letters
19:47:07,707 [INFO ] (Order.java:55) - Время заказа :13:47:7

19:47:07,708 [INFO ] (Order.java:56) - Общая сумма :24.2

19:47:07,734 [ERROR] (Pizza.java:26) - Name must be more than 4 letters
19:47:07,734 [INFO ] (Order.java:55) - Время заказа :13:47:7

19:47:07,735 [INFO ] (Order.java:56) - Общая сумма :10.0

21:53:47,281 [ERROR] (Pizza.java:26) - Name must be more than 4 letters
21:53:47,369 [INFO ] (Order.java:55) - Время заказа :15:53:47

21:53:47,369 [INFO ] (Order.java:56) - Общая сумма :24.2

21:53:47,393 [ERROR] (Pizza.java:26) - Name must be more than 4 letters
21:53:47,393 [INFO ] (Order.java:55) - Время заказа :15:53:47

21:53:47,393 [INFO ] (Order.java:56) - Общая сумма :10.0

21:57:32,189 [ERROR] (Pizza.java:26) - Name must be more than 4 letters
21:57:32,273 [INFO ] (Order.java:55) - Время заказа :15:57:32

21:57:32,277 [INFO ] (Order.java:56) - Общая сумма :24.2

21:57:32,293 [ERROR] (Pizza.java:26) - Name must be more than 4 letters
21:57:32,293 [INFO ] (Order.java:55) - Время заказа :15:57:32

21:57:32,293 [INFO ] (Order.java:56) - Общая сумма :10.0

22:11:50,658 [ERROR] (Pizza.java:26) - Name must be more than 4 letters
22:11:50,723 [INFO ] (Order.java:55) - Время заказа :16:11:50

22:11:50,724 [INFO ] (Order.java:56) - Общая сумма :24.2

22:11:50,749 [ERROR] (Pizza.java:26) - Name must be more than 4 letters
22:11:50,750 [INFO ] (Order.java:55) - Время заказа :16:11:50

22:11:50,751 [INFO ] (Order.java:56) - Общая сумма :10.0

22:12:24,958 [INFO ] (Order.java:55) - Время заказа :16:12:24

22:12:24,962 [INFO ] (Order.java:56) - Общая сумма :24.2

22:12:24,980 [ERROR] (Pizza.java:26) - Name must be more than 4 letters
22:12:24,986 [ERROR] (Pizza.java:43) - You can have just 10pizza
22:12:24,987 [INFO ] (Order.java:55) - Время заказа :16:12:24

22:12:24,988 [INFO ] (Order.java:56) - Общая сумма :0.0

22:12:56,869 [INFO ] (Order.java:55) - Время заказа :16:12:56

22:12:56,873 [INFO ] (Order.java:56) - Общая сумма :24.2

22:12:56,913 [ERROR] (Pizza.java:43) - You can have just 10pizza
22:12:56,914 [INFO ] (Order.java:55) - Время заказа :16:12:56

22:12:56,914 [INFO ] (Order.java:56) - Общая сумма :0.0

16:17:32,214 [INFO ] (Order.java:55) - Время заказа :10:17:32

16:17:32,354 [INFO ] (Order.java:56) - Общая сумма :24.2

16:17:32,394 [ERROR] (Pizza.java:44) - You can have just 10pizza
16:17:32,394 [INFO ] (Order.java:55) - Время заказа :10:17:32

16:17:32,394 [INFO ] (Order.java:56) - Общая сумма :0.0

16:18:15,154 [INFO ] (Order.java:55) - Время заказа :10:18:15

16:18:15,164 [INFO ] (Order.java:56) - Общая сумма :24.2

16:18:15,214 [ERROR] (Pizza.java:44) - You can have just 10pizza
16:18:15,214 [INFO ] (Order.java:55) - Время заказа :10:18:15

16:18:15,224 [INFO ] (Order.java:56) - Общая сумма :0.0

16:19:34,037 [INFO ] (Order.java:55) - Время заказа :10:19:33

16:19:34,047 [INFO ] (Order.java:56) - Общая сумма :24.2

16:19:34,077 [ERROR] (Pizza.java:44) - You can have just 10pizza
16:19:34,077 [INFO ] (Order.java:55) - Время заказа :10:19:34

16:19:34,087 [INFO ] (Order.java:56) - Общая сумма :0.0

16:26:22,956 [INFO ] (Order.java:55) - Время заказа :10:26:22

16:26:22,966 [INFO ] (Order.java:56) - Общая сумма :24.2

16:26:22,986 [ERROR] (Pizza.java:44) - You can have just 10pizza
16:26:22,986 [INFO ] (Order.java:55) - Время заказа :10:26:22

16:26:22,986 [INFO ] (Order.java:56) - Общая сумма :0.0

16:27:09,276 [INFO ] (Order.java:55) - Время заказа :10:27:9

16:27:09,276 [INFO ] (Order.java:56) - Общая сумма :24.2

16:27:09,296 [ERROR] (Pizza.java:44) - You can have just 10pizza
16:27:09,296 [INFO ] (Order.java:55) - Время заказа :10:27:9

16:27:09,296 [INFO ] (Order.java:56) - Общая сумма :0.0

20:47:26,583 [INFO ] (Order.java:56) - Время заказа :14:47:26

20:47:26,600 [INFO ] (Order.java:57) - Общая сумма :24.2

20:47:26,618 [ERROR] (Pizza.java:50) - You can have just 10pizza
20:48:25,969 [INFO ] (Order.java:56) - Время заказа :14:48:25

20:48:25,972 [INFO ] (Order.java:57) - Общая сумма :24.2

20:48:26,003 [ERROR] (Pizza.java:50) - You can have just 10pizza
20:48:49,724 [INFO ] (Order.java:56) - Время заказа :14:48:49

20:48:49,728 [INFO ] (Order.java:57) - Общая сумма :24.2

20:48:49,750 [ERROR] (Pizza.java:50) - You can have just 10pizza
20:49:25,813 [INFO ] (Order.java:56) - Время заказа :14:49:25

20:49:25,823 [INFO ] (Order.java:57) - Общая сумма :24.2

20:49:25,844 [ERROR] (Pizza.java:50) - You can have just 10pizza
20:49:25,844 [INFO ] (Order.java:56) - Время заказа :14:49:25

20:49:25,845 [INFO ] (Order.java:57) - Общая сумма :0.0

20:50:06,930 [INFO ] (Order.java:56) - Время заказа :14:50:6

20:50:06,933 [INFO ] (Order.java:57) - Общая сумма :24.2

20:50:06,971 [ERROR] (Pizza.java:50) - You can have just 10pizza
20:50:06,972 [INFO ] (Order.java:56) - Время заказа :14:50:6

20:50:06,973 [INFO ] (Order.java:57) - Общая сумма :0.0

20:50:21,054 [INFO ] (Order.java:56) - Время заказа :14:50:20

20:50:21,060 [INFO ] (Order.java:57) - Общая сумма :24.2

20:50:21,114 [ERROR] (Pizza.java:50) - You can have just 10pizza
20:50:21,115 [INFO ] (Order.java:56) - Время заказа :14:50:21

20:50:21,116 [INFO ] (Order.java:57) - Общая сумма :0.0

22:23:15,300 [ERROR] (Pizza.java:53) - You can have just 10pizza
22:23:15,320 [ERROR] (Pizza.java:53) - You can have just 10pizza
22:23:15,370 [INFO ] (Order.java:56) - Время заказа :16:23:15

22:23:15,370 [INFO ] (Order.java:57) - Общая сумма :0.0

22:23:15,394 [ERROR] (Pizza.java:53) - You can have just 10pizza
22:23:15,394 [INFO ] (Order.java:56) - Время заказа :16:23:15

22:23:15,396 [INFO ] (Order.java:57) - Общая сумма :0.0

22:24:21,958 [ERROR] (Pizza.java:53) - You can have just 10pizza
22:24:21,962 [ERROR] (Pizza.java:53) - You can have just 10pizza
22:24:22,038 [INFO ] (Order.java:56) - Время заказа :16:24:21

22:24:22,038 [INFO ] (Order.java:57) - Общая сумма :0.0

22:24:22,068 [ERROR] (Pizza.java:53) - You can have just 10pizza
22:24:22,069 [INFO ] (Order.java:56) - Время заказа :16:24:22

22:24:22,069 [INFO ] (Order.java:57) - Общая сумма :0.0

22:25:18,464 [ERROR] (Pizza.java:53) - You can have just 10pizza
22:25:18,467 [ERROR] (Pizza.java:53) - You can have just 10pizza
22:25:18,539 [INFO ] (Order.java:56) - Время заказа :16:25:18

22:25:18,540 [INFO ] (Order.java:57) - Общая сумма :0.0

22:25:18,572 [ERROR] (Pizza.java:53) - You can have just 10pizza
22:25:18,573 [INFO ] (Order.java:56) - Время заказа :16:25:18

22:25:18,575 [INFO ] (Order.java:57) - Общая сумма :0.0

22:27:03,743 [ERROR] (Pizza.java:53) - You can have just 10pizza
22:27:03,749 [ERROR] (Pizza.java:53) - You can have just 10pizza
22:27:03,824 [INFO ] (Order.java:56) - Время заказа :16:27:3

22:27:03,826 [INFO ] (Order.java:57) - Общая сумма :0.0

22:31:43,847 [ERROR] (Pizza.java:53) - You can have just 10pizza
22:31:43,851 [ERROR] (Pizza.java:53) - You can have just 10pizza
22:31:43,891 [INFO ] (Order.java:56) - Время заказа :16:31:43

22:31:43,891 [INFO ] (Order.java:57) - Общая сумма :0.0

22:35:20,865 [ERROR] (Pizza.java:53) - You can have just 10pizza
22:35:20,865 [ERROR] (Pizza.java:53) - You can have just 10pizza
22:35:20,933 [INFO ] (Order.java:56) - Время заказа :16:35:20

22:35:20,933 [INFO ] (Order.java:57) - Общая сумма :0.0

22:39:24,440 [INFO ] (Order.java:56) - Время заказа :16:39:24

22:39:24,444 [INFO ] (Order.java:57) - Общая сумма :24.2

22:40:45,522 [INFO ] (Order.java:56) - Время заказа :16:40:45

22:40:45,526 [INFO ] (Order.java:57) - Общая сумма :24.2

23:00:42,421 [INFO ] (CheckReport.java:34) - Время заказа :17:0:41

23:00:42,421 [INFO ] (CheckReport.java:36) - Общая сумма :24.2

23:15:28,659 [INFO ] (CheckReport.java:36) - Время заказа :17:15:27

23:15:28,663 [INFO ] (CheckReport.java:38) - Общая сумма :24.2

23:16:15,147 [INFO ] (CheckReport.java:36) - Время заказа :17:16:14

23:16:15,147 [INFO ] (CheckReport.java:38) - Общая сумма :24.2

08:41:22,654 [INFO ] (CheckReport.java:35) - Время заказа :2:41:20

08:41:22,684 [INFO ] (CheckReport.java:37) - Общая сумма :24.2

08:43:13,653 [ERROR] (Pizza.java:79) - This pizza already contains this ingredient
08:43:13,653 [ERROR] (Pizza.java:79) - This pizza already contains this ingredient
08:43:13,743 [INFO ] (CheckReport.java:35) - Время заказа :2:43:13

08:43:13,743 [INFO ] (CheckReport.java:37) - Общая сумма :3.0

08:43:35,699 [INFO ] (CheckReport.java:35) - Время заказа :2:43:35

08:43:35,709 [INFO ] (CheckReport.java:37) - Общая сумма :9.0

09:01:59,764 [INFO ] (CheckReport.java:35) - Время заказа :3:1:59

09:01:59,767 [INFO ] (CheckReport.java:37) - Общая сумма :33.0

09:02:51,664 [ERROR] (Pizza.java:32) - Name must be more than 4 letters
09:02:51,742 [INFO ] (CheckReport.java:35) - Время заказа :3:2:51

09:02:51,743 [INFO ] (CheckReport.java:37) - Общая сумма :33.0

09:04:42,127 [ERROR] (Pizza.java:32) - Name must be more than 4 letters
09:04:42,219 [INFO ] (CheckReport.java:35) - Время заказа :3:4:42

09:04:42,221 [INFO ] (CheckReport.java:37) - Общая сумма :33.0

09:05:50,017 [ERROR] (Pizza.java:51) - You can have just 10pizza
09:05:50,021 [ERROR] (Pizza.java:51) - You can have just 10pizza
09:05:50,021 [ERROR] (Pizza.java:32) - Name must be more than 4 letters
09:05:50,026 [ERROR] (Pizza.java:51) - You can have just 10pizza
09:05:50,081 [INFO ] (CheckReport.java:35) - Время заказа :3:5:50

09:05:50,082 [INFO ] (CheckReport.java:37) - Общая сумма :0.0

09:07:24,838 [ERROR] (Pizza.java:32) - Name must be more than 4 letters
09:07:24,847 [ERROR] (Pizza.java:51) - You can have just 10pizza
09:07:24,848 [ERROR] (Pizza.java:51) - You can have just 10pizza
09:07:24,876 [INFO ] (CheckReport.java:35) - Время заказа :3:7:23

09:07:24,877 [INFO ] (CheckReport.java:37) - Общая сумма :0.0

09:07:24,910 [ERROR] (Pizza.java:32) - Name must be more than 4 letters
09:07:24,911 [ERROR] (Pizza.java:51) - You can have just 10pizza
09:07:24,938 [INFO ] (CheckReport.java:35) - Время заказа :3:7:24

09:07:24,939 [INFO ] (CheckReport.java:37) - Общая сумма :0.0

09:07:40,552 [ERROR] (Pizza.java:32) - Name must be more than 4 letters
09:07:40,566 [ERROR] (Pizza.java:51) - You can have just 10pizza
09:07:40,568 [ERROR] (Pizza.java:51) - You can have just 10pizza
09:07:40,643 [INFO ] (CheckReport.java:35) - Время заказа :3:7:39

09:07:40,644 [INFO ] (CheckReport.java:37) - Общая сумма :0.0

09:07:40,695 [ERROR] (Pizza.java:32) - Name must be more than 4 letters
09:07:40,697 [ERROR] (Pizza.java:51) - You can have just 10pizza
09:07:40,711 [INFO ] (CheckReport.java:35) - Время заказа :3:7:40

09:07:40,711 [INFO ] (CheckReport.java:37) - Общая сумма :0.0

09:09:18,428 [ERROR] (Pizza.java:32) - Name must be more than 4 letters
09:09:18,437 [ERROR] (Pizza.java:51) - You can have just 10pizza
09:09:18,438 [ERROR] (Pizza.java:51) - You can have just 10pizza
09:09:18,508 [INFO ] (CheckReport.java:35) - Время заказа :3:9:17

09:09:18,509 [INFO ] (CheckReport.java:37) - Общая сумма :0.0

09:09:18,534 [ERROR] (Pizza.java:32) - Name must be more than 4 letters
09:09:18,535 [ERROR] (Pizza.java:51) - You can have just 10pizza
09:09:18,536 [INFO ] (CheckReport.java:35) - Время заказа :3:9:18

09:09:18,536 [INFO ] (CheckReport.java:37) - Общая сумма :0.0

09:11:05,021 [ERROR] (Pizza.java:51) - You can have just 10pizza
09:11:05,024 [ERROR] (Pizza.java:32) - Name must be more than 4 letters
09:11:05,031 [ERROR] (Pizza.java:51) - You can have just 10pizza
09:11:05,077 [INFO ] (CheckReport.java:35) - Время заказа :3:11:4

09:11:05,078 [INFO ] (CheckReport.java:37) - Общая сумма :0.0

09:11:05,142 [ERROR] (Pizza.java:51) - You can have just 10pizza
09:11:05,142 [ERROR] (Pizza.java:32) - Name must be more than 4 letters
09:11:05,143 [INFO ] (CheckReport.java:35) - Время заказа :3:11:5

09:11:05,143 [INFO ] (CheckReport.java:37) - Общая сумма :0.0

09:13:20,894 [ERROR] (Pizza.java:51) - You can have just 10pizza
09:13:20,897 [ERROR] (Pizza.java:32) - Name must be more than 4 letters
09:13:20,907 [ERROR] (Pizza.java:51) - You can have just 10pizza
09:13:20,991 [INFO ] (CheckReport.java:35) - Время заказа :3:13:19

09:13:20,993 [INFO ] (CheckReport.java:37) - Общая сумма :0.0

09:13:21,016 [ERROR] (Pizza.java:51) - You can have just 10pizza
09:13:21,017 [ERROR] (Pizza.java:32) - Name must be more than 4 letters
09:13:21,017 [INFO ] (CheckReport.java:35) - Время заказа :3:13:21

09:13:21,019 [INFO ] (CheckReport.java:37) - Общая сумма :0.0

09:13:30,449 [ERROR] (Pizza.java:51) - You can have just 10pizza
09:13:30,453 [ERROR] (Pizza.java:51) - You can have just 10pizza
09:13:30,496 [INFO ] (CheckReport.java:35) - Время заказа :3:13:29

09:13:30,496 [INFO ] (CheckReport.java:37) - Общая сумма :0.0

09:13:30,525 [ERROR] (Pizza.java:51) - You can have just 10pizza
09:13:30,526 [ERROR] (Pizza.java:32) - Name must be more than 4 letters
09:13:30,530 [INFO ] (CheckReport.java:35) - Время заказа :3:13:30

09:13:30,531 [INFO ] (CheckReport.java:37) - Общая сумма :0.0

09:14:26,766 [ERROR] (Pizza.java:51) - You can have just 10pizza
09:14:26,771 [ERROR] (Pizza.java:51) - You can have just 10pizza
09:14:26,825 [INFO ] (CheckReport.java:35) - Время заказа :3:14:25

09:14:26,826 [INFO ] (CheckReport.java:37) - Общая сумма :0.0

09:14:26,876 [ERROR] (Pizza.java:51) - You can have just 10pizza
09:14:26,876 [ERROR] (Pizza.java:32) - Name must be more than 4 letters
09:14:26,881 [INFO ] (CheckReport.java:35) - Время заказа :3:14:26

09:14:26,881 [INFO ] (CheckReport.java:37) - Общая сумма :0.0

09:16:14,471 [INFO ] (CheckReport.java:35) - Время заказа :3:16:13

09:16:14,476 [INFO ] (CheckReport.java:37) - Общая сумма :24.2

09:16:14,515 [ERROR] (Pizza.java:51) - You can have just 10pizza
09:16:14,516 [ERROR] (Pizza.java:32) - Name must be more than 4 letters
09:16:14,550 [INFO ] (CheckReport.java:35) - Время заказа :3:16:14

09:16:14,550 [INFO ] (CheckReport.java:37) - Общая сумма :0.0

09:33:26,998 [INFO ] (CheckReport.java:36) - Время заказа :3:33:26

09:33:26,998 [INFO ] (CheckReport.java:38) - Общая сумма :24.2

09:36:20,670 [INFO ] (CheckReport.java:36) - Время заказа :3:36:19

09:36:20,670 [INFO ] (CheckReport.java:38) - Общая сумма :24.2

